Arguments: 
  C:\Program Files\nodejs\node.exe C:\Users\USER\AppData\Roaming\npm\node_modules\yarn\bin\yarn.js add hardhat

PATH: 
  C:\Program Files\Common Files\Oracle\Java\javapath;C:\Program Files\Python39\Scripts\;C:\Program Files\Python39\;D:\VMWARE\bin\;C:\WINDOWS\system32;C:\WINDOWS;C:\WINDOWS\System32\Wbem;C:\WINDOWS\System32\WindowsPowerShell\v1.0\;C:\WINDOWS\System32\OpenSSH\;C:\Program Files\PuTTY\;C:\MinGW\bin;C:\Program Files\Git\cmd;C:\Program Files\php-7.4.18-Win32-vc15-x64;C:\xampp\mysql\bin\mysql.exe;C:\Users\USER\Downloads\python-3.9.5-amd64.exe;C:\Users\USER\AppData\Roaming\Microsoft\Windows\Start Menu\Programs\Python 3.9;C:\Program Files\MongoDB\Server\5.0\bin;C:\Program Files\Docker\Docker\resources\bin;C:\ProgramData\DockerDesktop\version-bin;C:\ProgramData\chocolatey\bin;%NVM_HOME%;%NVM_SYMLINK%;C:\Users\USER\AppData\Local\Microsoft\WindowsApps;C:\Users\USER\AppData\Local\Programs\Microsoft VS Code\bin;C:\Users\USER\AppData\Roaming\npm;C:\Program Files\JetBrains\WebStorm 2020.3.3\bin;;D:\Newfolder\.vscode\.vscode\Flutter\flutter\bin;D:\Android\tools;D:\Android\platform-tools;C:\xampp\php\php;C:\Program Files\php-7.4.18-Win32-vc15-x64;C:\Users\USER\AppData\Roaming\Composer\vendor\bin;D:\DataGrip 2021.1.1\bin;;C:\xampp\mysql\bin;C:\Users\USER\Downloads\python-3.9.5-amd64.exe;D:\heroku\bin;C:\Users\USER\AppData\Roaming\Microsoft\Windows\Start Menu\Programs\Python 3.9;C:\Users\USER\AppData\Roaming\nvm;C:\Program Files\nodejs

Yarn version: 
  1.22.17

Node version: 
  14.16.0

Platform: 
  win32 x64

Trace: 
  Error: EPERM: operation not permitted, copyfile 'C:\Users\USER\AppData\Local\Yarn\Cache\v6\npm-@sentry-node-5.30.0-4ca479e799b1021285d7fe12ac0858951c11cd48-integrity\node_modules\@sentry\node\package.json' -> 'D:\Newfolder\.vscode\.vscode\C\Project_web_dev\React\blockchain\ERC-721-Dive\node_modules\@sentry\node\package.json'

npm manifest: 
  {
    "name": "erc-721-dive",
    "version": "1.0.0",
    "description": "trying to use erc721 token",
    "main": "index.js",
    "dependencies": {},
    "devDependencies": {},
    "scripts": {
      "test": "mocha"
    },
    "repository": {
      "type": "git",
      "url": "git+https://github.com/longdieu12x/ERC-721-Dive.git"
    },
    "author": "",
    "license": "ISC",
    "bugs": {
      "url": "https://github.com/longdieu12x/ERC-721-Dive/issues"
    },
    "homepage": "https://github.com/longdieu12x/ERC-721-Dive#readme"
  }

yarn manifest: 
  No manifest

Lockfile: 
  No lockfile
